
ROM used:   83/8192 (1%)
            83/8192 (1%) including unused fragments

            0.1 Average locations per line
            5.2 Average locations per statement

RAM used:   9/368 (2%) at main() level
            10/368 (3%) worst case

Stack used: 1 worst case (1 in main + 0 for interrupts)
Stack size: 8

Lines Stmts  %   Files
----- ----- ---  -----
   54    16 100  main.c
  769     0   0  ..\..\..\..\..\Program Files (x86)\PICC\Devices\16f887.h
----- -----
  823    16 Total

Page ROM  %  RAM    Vol Diff  Functions:
---- --- --- ---    --- ----  ----------
0     20  24    1             @delay_ms1
0     59  71    1    372  4.2  main
 Inline         0             @cinit1

Program metrics:
    Functions               1
    Statements              16
    Comments                146
    Volume (V)              377
    Difficulty (D)          4.0
    Effort to implement (E) 1501
    Time to implement (T)   1 minutes
    Est Delivered Bugs (B)  0
    Cyclomatic Complexity   1
    Maintainability (MI)    88

 Segment     Used  Free
-----------  ----  ----
00000-00003     4  0  
00004-007FF    79  1965  
00800-00FFF     0  2048  
01000-017FF     0  2048  
01800-01FFF     0  2048  



